Arguments: 
  /home/semreg/.nvm/versions/node/v10.16.3/bin/node /usr/share/yarn/bin/yarn.js upgrade

PATH: 
  /home/semreg/home/semreg/.local/bin:/home/semreg/.cargo/bin:/home/semreg/.local/bin:/home/semreg/.nvm/versions/node/v10.16.3/bin:/home/semreg/home/semreg/.local/bin:/home/semreg/.cargo/bin:/home/semreg/.local/bin:/usr/local/sbin:/usr/local/bin:/usr/sbin:/usr/bin:/sbin:/bin:/usr/games:/usr/local/games:/snap/bin

Yarn version: 
  1.19.1

Node version: 
  10.16.3

Platform: 
  linux x64

Trace: 
  Error: getaddrinfo EAI_AGAIN registry.yarnpkg.com registry.yarnpkg.com:443
      at GetAddrInfoReqWrap.onlookup [as oncomplete] (dns.js:56:26)

npm manifest: 
  {
    "name": "client",
    "version": "0.1.0",
    "author": "Vlad 'Semreg' Chabaniuk",
    "description": "WebRTC-based screen share web app",
    "repository": {
      "type": "git",
      "url": "https://github.com/Semreg/hightly.git"
    },
    "bugs": {
      "url": "https://github.com/Semreg/hightly/issues"
    },
    "homepage": "https://github.com/Semreg/hightly",
    "scripts": {
      "install:client": "cd client; yarn install",
      "install:server": "cd server; yarn install",
      "install:all": "yarn install:client && yarn install:server",
      "start:server": "cd server; yarn start",
      "client:build": "cd client; yarn build",
      "start": "yarn client:build && yarn start:server"
    },
    "dependencies": {
      "js-base64": "^2.5.1"
    }
  }

yarn manifest: 
  No manifest

Lockfile: 
  # THIS IS AN AUTOGENERATED FILE. DO NOT EDIT THIS FILE DIRECTLY.
  # yarn lockfile v1
  
  
  js-base64@^2.5.1:
    version "2.5.1"
    resolved "https://registry.yarnpkg.com/js-base64/-/js-base64-2.5.1.tgz#1efa39ef2c5f7980bb1784ade4a8af2de3291121"
    integrity sha512-M7kLczedRMYX4L8Mdh4MzyAMM9O5osx+4FcOQuTvr3A9F2D9S5JXheN0ewNbrvK2UatkTRhL5ejGmGSjNMiZuw==
